<?xml version="1.0" encoding="UTF-8"?>
<testng-results skipped="0" failed="3" ignored="0" total="62" passed="59">
  <reporter-output>
  </reporter-output>
  <suite name="Default suite" duration-ms="57832" started-at="2020-06-19T08:11:12 ICT" finished-at="2020-06-19T08:12:10 ICT">
    <groups>
    </groups>
    <test name="Default test" duration-ms="57832" started-at="2020-06-19T08:11:12 ICT" finished-at="2020-06-19T08:12:10 ICT">
      <class name="com.vn.VNDirect.RegisterTest">
        <test-method status="PASS" signature="setUp()[pri:0, instance:com.vn.VNDirect.RegisterTest@35d176f7]" name="setUp" is-config="true" duration-ms="10410" started-at="2020-06-19T08:11:12 ICT" finished-at="2020-06-19T08:11:22 ICT">
          <reporter-output>
          </reporter-output>
        </test-method> <!-- setUp -->
        <test-method status="PASS" signature="before()[pri:0, instance:com.vn.VNDirect.RegisterTest@35d176f7]" name="before" is-config="true" duration-ms="507" started-at="2020-06-19T08:11:22 ICT" finished-at="2020-06-19T08:11:23 ICT">
          <reporter-output>
          </reporter-output>
        </test-method> <!-- before -->
        <test-method status="PASS" signature="test02()[pri:0, instance:com.vn.VNDirect.RegisterTest@35d176f7]" name="test02" duration-ms="1366" started-at="2020-06-19T08:11:23 ICT" description="Bỏ trống họ và tên" finished-at="2020-06-19T08:11:24 ICT">
          <reporter-output>
          </reporter-output>
        </test-method> <!-- test02 -->
        <test-method status="PASS" signature="before()[pri:0, instance:com.vn.VNDirect.RegisterTest@35d176f7]" name="before" is-config="true" duration-ms="355" started-at="2020-06-19T08:11:24 ICT" finished-at="2020-06-19T08:11:24 ICT">
          <reporter-output>
          </reporter-output>
        </test-method> <!-- before -->
        <test-method status="PASS" signature="test03()[pri:0, instance:com.vn.VNDirect.RegisterTest@35d176f7]" name="test03" duration-ms="621" started-at="2020-06-19T08:11:24 ICT" description="Bỏ trống họ và tên, số điện thoại" finished-at="2020-06-19T08:11:25 ICT">
          <reporter-output>
          </reporter-output>
        </test-method> <!-- test03 -->
        <test-method status="PASS" signature="before()[pri:0, instance:com.vn.VNDirect.RegisterTest@35d176f7]" name="before" is-config="true" duration-ms="235" started-at="2020-06-19T08:11:25 ICT" finished-at="2020-06-19T08:11:25 ICT">
          <reporter-output>
          </reporter-output>
        </test-method> <!-- before -->
        <test-method status="PASS" signature="test04()[pri:0, instance:com.vn.VNDirect.RegisterTest@35d176f7]" name="test04" duration-ms="569" started-at="2020-06-19T08:11:25 ICT" description="Bỏ trống họ và tên, số điện thoại, email" finished-at="2020-06-19T08:11:26 ICT">
          <reporter-output>
          </reporter-output>
        </test-method> <!-- test04 -->
        <test-method status="PASS" signature="before()[pri:0, instance:com.vn.VNDirect.RegisterTest@35d176f7]" name="before" is-config="true" duration-ms="247" started-at="2020-06-19T08:11:26 ICT" finished-at="2020-06-19T08:11:26 ICT">
          <reporter-output>
          </reporter-output>
        </test-method> <!-- before -->
        <test-method status="PASS" signature="test05()[pri:0, instance:com.vn.VNDirect.RegisterTest@35d176f7]" name="test05" duration-ms="379" started-at="2020-06-19T08:11:26 ICT" description="Bỏ trống họ và tên, số điện thoại, email, tên đăng nhập" finished-at="2020-06-19T08:11:26 ICT">
          <reporter-output>
          </reporter-output>
        </test-method> <!-- test05 -->
        <test-method status="PASS" signature="before()[pri:0, instance:com.vn.VNDirect.RegisterTest@35d176f7]" name="before" is-config="true" duration-ms="206" started-at="2020-06-19T08:11:26 ICT" finished-at="2020-06-19T08:11:27 ICT">
          <reporter-output>
          </reporter-output>
        </test-method> <!-- before -->
        <test-method status="PASS" signature="test06()[pri:0, instance:com.vn.VNDirect.RegisterTest@35d176f7]" name="test06" duration-ms="257" started-at="2020-06-19T08:11:27 ICT" description="Bỏ trống họ và tên, số điện thoại, email, tên đăng nhập, mật khẩu" finished-at="2020-06-19T08:11:27 ICT">
          <reporter-output>
          </reporter-output>
        </test-method> <!-- test06 -->
        <test-method status="PASS" signature="before()[pri:0, instance:com.vn.VNDirect.RegisterTest@35d176f7]" name="before" is-config="true" duration-ms="179" started-at="2020-06-19T08:11:27 ICT" finished-at="2020-06-19T08:11:27 ICT">
          <reporter-output>
          </reporter-output>
        </test-method> <!-- before -->
        <test-method status="PASS" signature="test07()[pri:0, instance:com.vn.VNDirect.RegisterTest@35d176f7]" name="test07" duration-ms="136" started-at="2020-06-19T08:11:27 ICT" description="Bỏ trống họ và tên, số điện thoại, email, tên đăng nhập, mật khẩu, xác nhận mật khẩu" finished-at="2020-06-19T08:11:27 ICT">
          <reporter-output>
          </reporter-output>
        </test-method> <!-- test07 -->
        <test-method status="PASS" signature="before()[pri:0, instance:com.vn.VNDirect.RegisterTest@35d176f7]" name="before" is-config="true" duration-ms="144" started-at="2020-06-19T08:11:27 ICT" finished-at="2020-06-19T08:11:27 ICT">
          <reporter-output>
          </reporter-output>
        </test-method> <!-- before -->
        <test-method status="PASS" signature="test08()[pri:0, instance:com.vn.VNDirect.RegisterTest@35d176f7]" name="test08" duration-ms="255" started-at="2020-06-19T08:11:27 ICT" description="Bỏ trống điện thoại,email, tên đăng nhập, mật khẩu, xác nhận mật khẩu" finished-at="2020-06-19T08:11:28 ICT">
          <reporter-output>
          </reporter-output>
        </test-method> <!-- test08 -->
        <test-method status="PASS" signature="before()[pri:0, instance:com.vn.VNDirect.RegisterTest@35d176f7]" name="before" is-config="true" duration-ms="170" started-at="2020-06-19T08:11:28 ICT" finished-at="2020-06-19T08:11:28 ICT">
          <reporter-output>
          </reporter-output>
        </test-method> <!-- before -->
        <test-method status="PASS" signature="test09()[pri:0, instance:com.vn.VNDirect.RegisterTest@35d176f7]" name="test09" duration-ms="298" started-at="2020-06-19T08:11:28 ICT" description="Bỏ trống email, tên đăng nhập, mật khẩu, xác nhận mật khẩu" finished-at="2020-06-19T08:11:28 ICT">
          <reporter-output>
          </reporter-output>
        </test-method> <!-- test09 -->
        <test-method status="PASS" signature="before()[pri:0, instance:com.vn.VNDirect.RegisterTest@35d176f7]" name="before" is-config="true" duration-ms="175" started-at="2020-06-19T08:11:28 ICT" finished-at="2020-06-19T08:11:28 ICT">
          <reporter-output>
          </reporter-output>
        </test-method> <!-- before -->
        <test-method status="PASS" signature="test10()[pri:0, instance:com.vn.VNDirect.RegisterTest@35d176f7]" name="test10" duration-ms="408" started-at="2020-06-19T08:11:28 ICT" description="Bỏ trống tên đăng nhập, mật khẩu, xác nhận mật khẩu" finished-at="2020-06-19T08:11:29 ICT">
          <reporter-output>
          </reporter-output>
        </test-method> <!-- test10 -->
        <test-method status="PASS" signature="before()[pri:0, instance:com.vn.VNDirect.RegisterTest@35d176f7]" name="before" is-config="true" duration-ms="188" started-at="2020-06-19T08:11:29 ICT" finished-at="2020-06-19T08:11:29 ICT">
          <reporter-output>
          </reporter-output>
        </test-method> <!-- before -->
        <test-method status="PASS" signature="test11()[pri:0, instance:com.vn.VNDirect.RegisterTest@35d176f7]" name="test11" duration-ms="523" started-at="2020-06-19T08:11:29 ICT" description="Bỏ trống mật khẩu, xác nhận mật khẩu" finished-at="2020-06-19T08:11:29 ICT">
          <reporter-output>
          </reporter-output>
        </test-method> <!-- test11 -->
        <test-method status="PASS" signature="before()[pri:0, instance:com.vn.VNDirect.RegisterTest@35d176f7]" name="before" is-config="true" duration-ms="206" started-at="2020-06-19T08:11:29 ICT" finished-at="2020-06-19T08:11:30 ICT">
          <reporter-output>
          </reporter-output>
        </test-method> <!-- before -->
        <test-method status="PASS" signature="test12()[pri:0, instance:com.vn.VNDirect.RegisterTest@35d176f7]" name="test12" duration-ms="644" started-at="2020-06-19T08:11:30 ICT" description="Bỏ trống  xác nhận mật khẩu" finished-at="2020-06-19T08:11:30 ICT">
          <reporter-output>
          </reporter-output>
        </test-method> <!-- test12 -->
        <test-method status="PASS" signature="before()[pri:0, instance:com.vn.VNDirect.RegisterTest@35d176f7]" name="before" is-config="true" duration-ms="251" started-at="2020-06-19T08:11:30 ICT" finished-at="2020-06-19T08:11:30 ICT">
          <reporter-output>
          </reporter-output>
        </test-method> <!-- before -->
        <test-method status="PASS" signature="test13()[pri:0, instance:com.vn.VNDirect.RegisterTest@35d176f7]" name="test13" duration-ms="731" started-at="2020-06-19T08:11:30 ICT" description="Mật khẩu không trùng nhau" finished-at="2020-06-19T08:11:31 ICT">
          <reporter-output>
          </reporter-output>
        </test-method> <!-- test13 -->
        <test-method status="PASS" signature="before()[pri:0, instance:com.vn.VNDirect.RegisterTest@35d176f7]" name="before" is-config="true" duration-ms="283" started-at="2020-06-19T08:11:31 ICT" finished-at="2020-06-19T08:11:32 ICT">
          <reporter-output>
          </reporter-output>
        </test-method> <!-- before -->
        <test-method status="PASS" signature="test14()[pri:0, instance:com.vn.VNDirect.RegisterTest@35d176f7]" name="test14" duration-ms="964" started-at="2020-06-19T08:11:32 ICT" description="Mật khẩu phải có tối thiểu 8 ký tự và tối đa 32 ký tự(quá 32), Xác nhận mật khẩu trống" finished-at="2020-06-19T08:11:32 ICT">
          <reporter-output>
          </reporter-output>
        </test-method> <!-- test14 -->
        <test-method status="PASS" signature="before()[pri:0, instance:com.vn.VNDirect.RegisterTest@35d176f7]" name="before" is-config="true" duration-ms="229" started-at="2020-06-19T08:11:32 ICT" finished-at="2020-06-19T08:11:33 ICT">
          <reporter-output>
          </reporter-output>
        </test-method> <!-- before -->
        <test-method status="PASS" signature="test15()[pri:0, instance:com.vn.VNDirect.RegisterTest@35d176f7]" name="test15" duration-ms="942" started-at="2020-06-19T08:11:33 ICT" description="Mật khẩu phải có tối thiểu 8 ký tự và tối đa 32 ký tự(quá 32), Mật khẩu không trùng nhau" finished-at="2020-06-19T08:11:34 ICT">
          <reporter-output>
          </reporter-output>
        </test-method> <!-- test15 -->
        <test-method status="PASS" signature="before()[pri:0, instance:com.vn.VNDirect.RegisterTest@35d176f7]" name="before" is-config="true" duration-ms="237" started-at="2020-06-19T08:11:34 ICT" finished-at="2020-06-19T08:11:34 ICT">
          <reporter-output>
          </reporter-output>
        </test-method> <!-- before -->
        <test-method status="PASS" signature="test16()[pri:0, instance:com.vn.VNDirect.RegisterTest@35d176f7]" name="test16" duration-ms="647" started-at="2020-06-19T08:11:34 ICT" description="Mật khẩu phải có tối thiểu 8 ký tự và tối đa 32 ký tự(nhỏ hơn 8), Xác nhận mật khẩu trống" finished-at="2020-06-19T08:11:35 ICT">
          <reporter-output>
          </reporter-output>
        </test-method> <!-- test16 -->
        <test-method status="PASS" signature="before()[pri:0, instance:com.vn.VNDirect.RegisterTest@35d176f7]" name="before" is-config="true" duration-ms="221" started-at="2020-06-19T08:11:35 ICT" finished-at="2020-06-19T08:11:35 ICT">
          <reporter-output>
          </reporter-output>
        </test-method> <!-- before -->
        <test-method status="PASS" signature="test17()[pri:0, instance:com.vn.VNDirect.RegisterTest@35d176f7]" name="test17" duration-ms="659" started-at="2020-06-19T08:11:35 ICT" description="Mật khẩu phải có tối thiểu 8 ký tự và tối đa 32 ký tự(nhỏ hơn 8), Mật khẩu không trùng nhau" finished-at="2020-06-19T08:11:35 ICT">
          <reporter-output>
          </reporter-output>
        </test-method> <!-- test17 -->
        <test-method status="PASS" signature="before()[pri:0, instance:com.vn.VNDirect.RegisterTest@35d176f7]" name="before" is-config="true" duration-ms="219" started-at="2020-06-19T08:11:35 ICT" finished-at="2020-06-19T08:11:36 ICT">
          <reporter-output>
          </reporter-output>
        </test-method> <!-- before -->
        <test-method status="PASS" signature="test18()[pri:0, instance:com.vn.VNDirect.RegisterTest@35d176f7]" name="test18" duration-ms="724" started-at="2020-06-19T08:11:36 ICT" description="Sai định dạng sđt(9 số)" finished-at="2020-06-19T08:11:36 ICT">
          <reporter-output>
          </reporter-output>
        </test-method> <!-- test18 -->
        <test-method status="PASS" signature="before()[pri:0, instance:com.vn.VNDirect.RegisterTest@35d176f7]" name="before" is-config="true" duration-ms="238" started-at="2020-06-19T08:11:36 ICT" finished-at="2020-06-19T08:11:37 ICT">
          <reporter-output>
          </reporter-output>
        </test-method> <!-- before -->
        <test-method status="PASS" signature="test20()[pri:0, instance:com.vn.VNDirect.RegisterTest@35d176f7]" name="test20" duration-ms="593" started-at="2020-06-19T08:11:37 ICT" description="Sai định dạng sđt(9 số), để trống họ và tên" finished-at="2020-06-19T08:11:37 ICT">
          <reporter-output>
          </reporter-output>
        </test-method> <!-- test20 -->
        <test-method status="PASS" signature="before()[pri:0, instance:com.vn.VNDirect.RegisterTest@35d176f7]" name="before" is-config="true" duration-ms="233" started-at="2020-06-19T08:11:37 ICT" finished-at="2020-06-19T08:11:37 ICT">
          <reporter-output>
          </reporter-output>
        </test-method> <!-- before -->
        <test-method status="PASS" signature="test22()[pri:0, instance:com.vn.VNDirect.RegisterTest@35d176f7]" name="test22" duration-ms="510" started-at="2020-06-19T08:11:37 ICT" description="Sai định dạng sđt(9 số), để trống họ và tên và tên đăng nhập" finished-at="2020-06-19T08:11:38 ICT">
          <reporter-output>
          </reporter-output>
        </test-method> <!-- test22 -->
        <test-method status="PASS" signature="before()[pri:0, instance:com.vn.VNDirect.RegisterTest@35d176f7]" name="before" is-config="true" duration-ms="214" started-at="2020-06-19T08:11:38 ICT" finished-at="2020-06-19T08:11:38 ICT">
          <reporter-output>
          </reporter-output>
        </test-method> <!-- before -->
        <test-method status="PASS" signature="test24()[pri:0, instance:com.vn.VNDirect.RegisterTest@35d176f7]" name="test24" duration-ms="423" started-at="2020-06-19T08:11:38 ICT" description="Sai định dạng sđt(9 số), để trống họ và tên và tên đăng nhập và email" finished-at="2020-06-19T08:11:39 ICT">
          <reporter-output>
          </reporter-output>
        </test-method> <!-- test24 -->
        <test-method status="PASS" signature="before()[pri:0, instance:com.vn.VNDirect.RegisterTest@35d176f7]" name="before" is-config="true" duration-ms="190" started-at="2020-06-19T08:11:39 ICT" finished-at="2020-06-19T08:11:39 ICT">
          <reporter-output>
          </reporter-output>
        </test-method> <!-- before -->
        <test-method status="PASS" signature="test27()[pri:0, instance:com.vn.VNDirect.RegisterTest@35d176f7]" name="test27" duration-ms="343" started-at="2020-06-19T08:11:39 ICT" description="Sai định dạng sđt(9 số), để trống họ và tên và tên đăng nhập và email và mật khẩu" finished-at="2020-06-19T08:11:39 ICT">
          <reporter-output>
          </reporter-output>
        </test-method> <!-- test27 -->
        <test-method status="PASS" signature="before()[pri:0, instance:com.vn.VNDirect.RegisterTest@35d176f7]" name="before" is-config="true" duration-ms="178" started-at="2020-06-19T08:11:39 ICT" finished-at="2020-06-19T08:11:39 ICT">
          <reporter-output>
          </reporter-output>
        </test-method> <!-- before -->
        <test-method status="PASS" signature="test29()[pri:0, instance:com.vn.VNDirect.RegisterTest@35d176f7]" name="test29" duration-ms="230" started-at="2020-06-19T08:11:39 ICT" description="Sai định dạng sđt(9 số), để trống họ và tên và tên đăng nhập và email và mật khẩu và xác nhận mật khẩu" finished-at="2020-06-19T08:11:40 ICT">
          <reporter-output>
          </reporter-output>
        </test-method> <!-- test29 -->
        <test-method status="PASS" signature="before()[pri:0, instance:com.vn.VNDirect.RegisterTest@35d176f7]" name="before" is-config="true" duration-ms="148" started-at="2020-06-19T08:11:40 ICT" finished-at="2020-06-19T08:11:40 ICT">
          <reporter-output>
          </reporter-output>
        </test-method> <!-- before -->
        <test-method status="PASS" signature="test31()[pri:0, instance:com.vn.VNDirect.RegisterTest@35d176f7]" name="test31" duration-ms="396" started-at="2020-06-19T08:11:40 ICT" description="Sai định dạng sđt(9 số), để trống họ và tên và tên đăng nhập và email, Mật khẩu không khớp" finished-at="2020-06-19T08:11:40 ICT">
          <reporter-output>
          </reporter-output>
        </test-method> <!-- test31 -->
        <test-method status="PASS" signature="before()[pri:0, instance:com.vn.VNDirect.RegisterTest@35d176f7]" name="before" is-config="true" duration-ms="196" started-at="2020-06-19T08:11:40 ICT" finished-at="2020-06-19T08:11:40 ICT">
          <reporter-output>
          </reporter-output>
        </test-method> <!-- before -->
        <test-method status="PASS" signature="test32()[pri:0, instance:com.vn.VNDirect.RegisterTest@35d176f7]" name="test32" duration-ms="635" started-at="2020-06-19T08:11:40 ICT" description="Email sai định dạng" finished-at="2020-06-19T08:11:41 ICT">
          <reporter-output>
          </reporter-output>
        </test-method> <!-- test32 -->
        <test-method status="PASS" signature="before()[pri:0, instance:com.vn.VNDirect.RegisterTest@35d176f7]" name="before" is-config="true" duration-ms="225" started-at="2020-06-19T08:11:41 ICT" finished-at="2020-06-19T08:11:41 ICT">
          <reporter-output>
          </reporter-output>
        </test-method> <!-- before -->
        <test-method status="PASS" signature="test33()[pri:0, instance:com.vn.VNDirect.RegisterTest@35d176f7]" name="test33" duration-ms="536" started-at="2020-06-19T08:11:41 ICT" description="Email sai định dạng, bỏ trống họ tên" finished-at="2020-06-19T08:11:42 ICT">
          <reporter-output>
          </reporter-output>
        </test-method> <!-- test33 -->
        <test-method status="PASS" signature="before()[pri:0, instance:com.vn.VNDirect.RegisterTest@35d176f7]" name="before" is-config="true" duration-ms="222" started-at="2020-06-19T08:11:42 ICT" finished-at="2020-06-19T08:11:42 ICT">
          <reporter-output>
          </reporter-output>
        </test-method> <!-- before -->
        <test-method status="PASS" signature="test34()[pri:0, instance:com.vn.VNDirect.RegisterTest@35d176f7]" name="test34" duration-ms="478" started-at="2020-06-19T08:11:42 ICT" description="Email sai định dạng, bỏ trống họ tên và số đt" finished-at="2020-06-19T08:11:42 ICT">
          <reporter-output>
          </reporter-output>
        </test-method> <!-- test34 -->
        <test-method status="PASS" signature="before()[pri:0, instance:com.vn.VNDirect.RegisterTest@35d176f7]" name="before" is-config="true" duration-ms="190" started-at="2020-06-19T08:11:42 ICT" finished-at="2020-06-19T08:11:43 ICT">
          <reporter-output>
          </reporter-output>
        </test-method> <!-- before -->
        <test-method status="PASS" signature="test35()[pri:0, instance:com.vn.VNDirect.RegisterTest@35d176f7]" name="test35" duration-ms="398" started-at="2020-06-19T08:11:43 ICT" description="Email sai định dạng, bỏ trống họ tên và số đt và tên đăng nhập" finished-at="2020-06-19T08:11:43 ICT">
          <reporter-output>
          </reporter-output>
        </test-method> <!-- test35 -->
        <test-method status="PASS" signature="before()[pri:0, instance:com.vn.VNDirect.RegisterTest@35d176f7]" name="before" is-config="true" duration-ms="172" started-at="2020-06-19T08:11:43 ICT" finished-at="2020-06-19T08:11:43 ICT">
          <reporter-output>
          </reporter-output>
        </test-method> <!-- before -->
        <test-method status="FAIL" signature="test36()[pri:0, instance:com.vn.VNDirect.RegisterTest@35d176f7]" name="test36" duration-ms="765" started-at="2020-06-19T08:11:43 ICT" description="Email sai định dạng, bỏ trống họ tên và số đt và tên đăng nhập và mật khẩu, mật khẩu không trùng" finished-at="2020-06-19T08:11:44 ICT">
          <exception class="org.openqa.selenium.NoSuchElementException">
            <message>
              <![CDATA[no such element: Unable to locate element: {"method":"xpath","selector":"/html/body/div[1]/div/div[2]/div/div/form/div[2]/div/div[4]/div[2]/div/div/span"}
  (Session info: chrome=83.0.4103.106)
For documentation on this error, please visit: https://www.seleniumhq.org/exceptions/no_such_element.html
Build info: version: '3.141.59', revision: 'e82be7d358', time: '2018-11-14T08:17:03'
System info: host: 'DESKTOP-U33STF4', ip: '192.168.9.2', os.name: 'Windows 10', os.arch: 'amd64', os.version: '10.0', java.version: '1.8.0_212'
Driver info: org.openqa.selenium.chrome.ChromeDriver
Capabilities {acceptInsecureCerts: false, browserName: chrome, browserVersion: 83.0.4103.106, chrome: {chromedriverVersion: 83.0.4103.39 (ccbf011cb2d2b..., userDataDir: C:\Users\SopenPC\AppData\Lo...}, goog:chromeOptions: {debuggerAddress: localhost:65233}, javascriptEnabled: true, networkConnectionEnabled: false, pageLoadStrategy: normal, platform: WINDOWS, platformName: WINDOWS, proxy: Proxy(), setWindowRect: true, strictFileInteractability: false, timeouts: {implicit: 0, pageLoad: 300000, script: 30000}, unhandledPromptBehavior: dismiss and notify, webauthn:virtualAuthenticators: true}
Session ID: 6bd8c83e513875187de2b2701a0d396b
*** Element info: {Using=xpath, value=/html/body/div[1]/div/div[2]/div/div/form/div[2]/div/div[4]/div[2]/div/div/span}]]>
            </message>
            <full-stacktrace>
              <![CDATA[org.openqa.selenium.NoSuchElementException: no such element: Unable to locate element: {"method":"xpath","selector":"/html/body/div[1]/div/div[2]/div/div/form/div[2]/div/div[4]/div[2]/div/div/span"}
  (Session info: chrome=83.0.4103.106)
For documentation on this error, please visit: https://www.seleniumhq.org/exceptions/no_such_element.html
Build info: version: '3.141.59', revision: 'e82be7d358', time: '2018-11-14T08:17:03'
System info: host: 'DESKTOP-U33STF4', ip: '192.168.9.2', os.name: 'Windows 10', os.arch: 'amd64', os.version: '10.0', java.version: '1.8.0_212'
Driver info: org.openqa.selenium.chrome.ChromeDriver
Capabilities {acceptInsecureCerts: false, browserName: chrome, browserVersion: 83.0.4103.106, chrome: {chromedriverVersion: 83.0.4103.39 (ccbf011cb2d2b..., userDataDir: C:\Users\SopenPC\AppData\Lo...}, goog:chromeOptions: {debuggerAddress: localhost:65233}, javascriptEnabled: true, networkConnectionEnabled: false, pageLoadStrategy: normal, platform: WINDOWS, platformName: WINDOWS, proxy: Proxy(), setWindowRect: true, strictFileInteractability: false, timeouts: {implicit: 0, pageLoad: 300000, script: 30000}, unhandledPromptBehavior: dismiss and notify, webauthn:virtualAuthenticators: true}
Session ID: 6bd8c83e513875187de2b2701a0d396b
*** Element info: {Using=xpath, value=/html/body/div[1]/div/div[2]/div/div/form/div[2]/div/div[4]/div[2]/div/div/span}
at sun.reflect.NativeConstructorAccessorImpl.newInstance0(Native Method)
at sun.reflect.NativeConstructorAccessorImpl.newInstance(Unknown Source)
at sun.reflect.DelegatingConstructorAccessorImpl.newInstance(Unknown Source)
at java.lang.reflect.Constructor.newInstance(Unknown Source)
at org.openqa.selenium.remote.http.W3CHttpResponseCodec.createException(W3CHttpResponseCodec.java:187)
at org.openqa.selenium.remote.http.W3CHttpResponseCodec.decode(W3CHttpResponseCodec.java:122)
at org.openqa.selenium.remote.http.W3CHttpResponseCodec.decode(W3CHttpResponseCodec.java:49)
at org.openqa.selenium.remote.HttpCommandExecutor.execute(HttpCommandExecutor.java:158)
at org.openqa.selenium.remote.service.DriverCommandExecutor.execute(DriverCommandExecutor.java:83)
at org.openqa.selenium.remote.RemoteWebDriver.execute(RemoteWebDriver.java:552)
at org.openqa.selenium.remote.RemoteWebDriver.findElement(RemoteWebDriver.java:323)
at org.openqa.selenium.remote.RemoteWebDriver.findElementByXPath(RemoteWebDriver.java:428)
at org.openqa.selenium.By$ByXPath.findElement(By.java:353)
at org.openqa.selenium.remote.RemoteWebDriver.findElement(RemoteWebDriver.java:315)
at com.vn.VNDirect.RegisterTest.test36(RegisterTest.java:855)
at sun.reflect.NativeMethodAccessorImpl.invoke0(Native Method)
at sun.reflect.NativeMethodAccessorImpl.invoke(Unknown Source)
at sun.reflect.DelegatingMethodAccessorImpl.invoke(Unknown Source)
at java.lang.reflect.Method.invoke(Unknown Source)
at org.testng.internal.MethodInvocationHelper.invokeMethod(MethodInvocationHelper.java:134)
at org.testng.internal.TestInvoker.invokeMethod(TestInvoker.java:597)
at org.testng.internal.TestInvoker.invokeTestMethod(TestInvoker.java:173)
at org.testng.internal.MethodRunner.runInSequence(MethodRunner.java:46)
at org.testng.internal.TestInvoker$MethodInvocationAgent.invoke(TestInvoker.java:816)
at org.testng.internal.TestInvoker.invokeTestMethods(TestInvoker.java:146)
at org.testng.internal.TestMethodWorker.invokeTestMethods(TestMethodWorker.java:146)
at org.testng.internal.TestMethodWorker.run(TestMethodWorker.java:128)
at java.util.ArrayList.forEach(Unknown Source)
at org.testng.TestRunner.privateRun(TestRunner.java:766)
at org.testng.TestRunner.run(TestRunner.java:587)
at org.testng.SuiteRunner.runTest(SuiteRunner.java:384)
at org.testng.SuiteRunner.runSequentially(SuiteRunner.java:378)
at org.testng.SuiteRunner.privateRun(SuiteRunner.java:337)
at org.testng.SuiteRunner.run(SuiteRunner.java:286)
at org.testng.SuiteRunnerWorker.runSuite(SuiteRunnerWorker.java:53)
at org.testng.SuiteRunnerWorker.run(SuiteRunnerWorker.java:96)
at org.testng.TestNG.runSuitesSequentially(TestNG.java:1187)
at org.testng.TestNG.runSuitesLocally(TestNG.java:1109)
at org.testng.TestNG.runSuites(TestNG.java:1039)
at org.testng.TestNG.run(TestNG.java:1007)
at org.testng.remote.AbstractRemoteTestNG.run(AbstractRemoteTestNG.java:115)
at org.testng.remote.RemoteTestNG.initAndRun(RemoteTestNG.java:251)
at org.testng.remote.RemoteTestNG.main(RemoteTestNG.java:77)
]]>
            </full-stacktrace>
          </exception> <!-- org.openqa.selenium.NoSuchElementException -->
          <reporter-output>
          </reporter-output>
        </test-method> <!-- test36 -->
        <test-method status="PASS" signature="before()[pri:0, instance:com.vn.VNDirect.RegisterTest@35d176f7]" name="before" is-config="true" duration-ms="156" started-at="2020-06-19T08:11:44 ICT" finished-at="2020-06-19T08:11:44 ICT">
          <reporter-output>
          </reporter-output>
        </test-method> <!-- before -->
        <test-method status="PASS" signature="test37()[pri:0, instance:com.vn.VNDirect.RegisterTest@35d176f7]" name="test37" duration-ms="374" started-at="2020-06-19T08:11:44 ICT" description="Email sai định dạng, bỏ trống họ tên và số đt và tên đăng nhập , mật khẩu không trùng" finished-at="2020-06-19T08:11:44 ICT">
          <reporter-output>
          </reporter-output>
        </test-method> <!-- test37 -->
        <test-method status="PASS" signature="before()[pri:0, instance:com.vn.VNDirect.RegisterTest@35d176f7]" name="before" is-config="true" duration-ms="171" started-at="2020-06-19T08:11:44 ICT" finished-at="2020-06-19T08:11:45 ICT">
          <reporter-output>
          </reporter-output>
        </test-method> <!-- before -->
        <test-method status="PASS" signature="test38()[pri:0, instance:com.vn.VNDirect.RegisterTest@35d176f7]" name="test38" duration-ms="642" started-at="2020-06-19T08:11:45 ICT" description="Tên đăng nhập 5 ký tư" finished-at="2020-06-19T08:11:45 ICT">
          <reporter-output>
          </reporter-output>
        </test-method> <!-- test38 -->
        <test-method status="PASS" signature="before()[pri:0, instance:com.vn.VNDirect.RegisterTest@35d176f7]" name="before" is-config="true" duration-ms="213" started-at="2020-06-19T08:11:45 ICT" finished-at="2020-06-19T08:11:45 ICT">
          <reporter-output>
          </reporter-output>
        </test-method> <!-- before -->
        <test-method status="PASS" signature="test39()[pri:0, instance:com.vn.VNDirect.RegisterTest@35d176f7]" name="test39" duration-ms="579" started-at="2020-06-19T08:11:45 ICT" description="Tên đăng nhập 5 ký tư, bỏ trống họ tên" finished-at="2020-06-19T08:11:46 ICT">
          <reporter-output>
          </reporter-output>
        </test-method> <!-- test39 -->
        <test-method status="PASS" signature="before()[pri:0, instance:com.vn.VNDirect.RegisterTest@35d176f7]" name="before" is-config="true" duration-ms="198" started-at="2020-06-19T08:11:46 ICT" finished-at="2020-06-19T08:11:46 ICT">
          <reporter-output>
          </reporter-output>
        </test-method> <!-- before -->
        <test-method status="PASS" signature="test40()[pri:0, instance:com.vn.VNDirect.RegisterTest@35d176f7]" name="test40" duration-ms="460" started-at="2020-06-19T08:11:46 ICT" description="Tên đăng nhập 5 ký tư, bỏ trống họ tên và sđt" finished-at="2020-06-19T08:11:47 ICT">
          <reporter-output>
          </reporter-output>
        </test-method> <!-- test40 -->
        <test-method status="PASS" signature="before()[pri:0, instance:com.vn.VNDirect.RegisterTest@35d176f7]" name="before" is-config="true" duration-ms="195" started-at="2020-06-19T08:11:47 ICT" finished-at="2020-06-19T08:11:47 ICT">
          <reporter-output>
          </reporter-output>
        </test-method> <!-- before -->
        <test-method status="PASS" signature="test41()[pri:0, instance:com.vn.VNDirect.RegisterTest@35d176f7]" name="test41" duration-ms="355" started-at="2020-06-19T08:11:47 ICT" description="Tên đăng nhập 5 ký tư, bỏ trống họ tên và sđt và email" finished-at="2020-06-19T08:11:47 ICT">
          <reporter-output>
          </reporter-output>
        </test-method> <!-- test41 -->
        <test-method status="PASS" signature="before()[pri:0, instance:com.vn.VNDirect.RegisterTest@35d176f7]" name="before" is-config="true" duration-ms="173" started-at="2020-06-19T08:11:47 ICT" finished-at="2020-06-19T08:11:47 ICT">
          <reporter-output>
          </reporter-output>
        </test-method> <!-- before -->
        <test-method status="PASS" signature="test42()[pri:0, instance:com.vn.VNDirect.RegisterTest@35d176f7]" name="test42" duration-ms="270" started-at="2020-06-19T08:11:47 ICT" description="Tên đăng nhập 5 ký tư, bỏ trống họ tên và sđt và email và mật khẩu" finished-at="2020-06-19T08:11:48 ICT">
          <reporter-output>
          </reporter-output>
        </test-method> <!-- test42 -->
        <test-method status="PASS" signature="before()[pri:0, instance:com.vn.VNDirect.RegisterTest@35d176f7]" name="before" is-config="true" duration-ms="144" started-at="2020-06-19T08:11:48 ICT" finished-at="2020-06-19T08:11:48 ICT">
          <reporter-output>
          </reporter-output>
        </test-method> <!-- before -->
        <test-method status="PASS" signature="test43()[pri:0, instance:com.vn.VNDirect.RegisterTest@35d176f7]" name="test43" duration-ms="189" started-at="2020-06-19T08:11:48 ICT" description="Tên đăng nhập 5 ký tư, bỏ trống họ tên và sđt và email và mật khẩu và xác nhận mật khẩu" finished-at="2020-06-19T08:11:48 ICT">
          <reporter-output>
          </reporter-output>
        </test-method> <!-- test43 -->
        <test-method status="PASS" signature="before()[pri:0, instance:com.vn.VNDirect.RegisterTest@35d176f7]" name="before" is-config="true" duration-ms="157" started-at="2020-06-19T08:11:48 ICT" finished-at="2020-06-19T08:11:48 ICT">
          <reporter-output>
          </reporter-output>
        </test-method> <!-- before -->
        <test-method status="PASS" signature="test44()[pri:0, instance:com.vn.VNDirect.RegisterTest@35d176f7]" name="test44" duration-ms="376" started-at="2020-06-19T08:11:48 ICT" description="Tên đăng nhập 5 ký tư, bỏ trống họ tên và email và mật khẩu và xác nhận mật khẩu" finished-at="2020-06-19T08:11:49 ICT">
          <reporter-output>
          </reporter-output>
        </test-method> <!-- test44 -->
        <test-method status="PASS" signature="before()[pri:0, instance:com.vn.VNDirect.RegisterTest@35d176f7]" name="before" is-config="true" duration-ms="165" started-at="2020-06-19T08:11:49 ICT" finished-at="2020-06-19T08:11:49 ICT">
          <reporter-output>
          </reporter-output>
        </test-method> <!-- before -->
        <test-method status="PASS" signature="test45()[pri:0, instance:com.vn.VNDirect.RegisterTest@35d176f7]" name="test45" duration-ms="418" started-at="2020-06-19T08:11:49 ICT" description="Tên đăng nhập 5 ký tư, bỏ trống mật khẩu và xác nhận mật khẩu" finished-at="2020-06-19T08:11:49 ICT">
          <reporter-output>
          </reporter-output>
        </test-method> <!-- test45 -->
        <test-method status="PASS" signature="before()[pri:0, instance:com.vn.VNDirect.RegisterTest@35d176f7]" name="before" is-config="true" duration-ms="196" started-at="2020-06-19T08:11:49 ICT" finished-at="2020-06-19T08:11:49 ICT">
          <reporter-output>
          </reporter-output>
        </test-method> <!-- before -->
        <test-method status="PASS" signature="test46()[pri:0, instance:com.vn.VNDirect.RegisterTest@35d176f7]" name="test46" duration-ms="588" started-at="2020-06-19T08:11:49 ICT" description="Tên đăng nhập 5 ký tư và xác nhận mật khẩu không khớp" finished-at="2020-06-19T08:11:50 ICT">
          <reporter-output>
          </reporter-output>
        </test-method> <!-- test46 -->
        <test-method status="PASS" signature="before()[pri:0, instance:com.vn.VNDirect.RegisterTest@35d176f7]" name="before" is-config="true" duration-ms="221" started-at="2020-06-19T08:11:50 ICT" finished-at="2020-06-19T08:11:50 ICT">
          <reporter-output>
          </reporter-output>
        </test-method> <!-- before -->
        <test-method status="PASS" signature="test47()[pri:0, instance:com.vn.VNDirect.RegisterTest@35d176f7]" name="test47" duration-ms="604" started-at="2020-06-19T08:11:50 ICT" description="Tên đăng nhập 5 ký tư và mật khẩu nhập 7 ký tự và xác nhận mật khẩu trống" finished-at="2020-06-19T08:11:51 ICT">
          <reporter-output>
          </reporter-output>
        </test-method> <!-- test47 -->
        <test-method status="PASS" signature="before()[pri:0, instance:com.vn.VNDirect.RegisterTest@35d176f7]" name="before" is-config="true" duration-ms="213" started-at="2020-06-19T08:11:51 ICT" finished-at="2020-06-19T08:11:51 ICT">
          <reporter-output>
          </reporter-output>
        </test-method> <!-- before -->
        <test-method status="PASS" signature="test48()[pri:0, instance:com.vn.VNDirect.RegisterTest@35d176f7]" name="test48" duration-ms="710" started-at="2020-06-19T08:11:51 ICT" description="Tên đăng nhập 5 ký tư và mật khẩu nhập 33 ký tự và xác nhận mật khẩu trống" finished-at="2020-06-19T08:11:52 ICT">
          <reporter-output>
          </reporter-output>
        </test-method> <!-- test48 -->
        <test-method status="PASS" signature="before()[pri:0, instance:com.vn.VNDirect.RegisterTest@35d176f7]" name="before" is-config="true" duration-ms="360" started-at="2020-06-19T08:11:52 ICT" finished-at="2020-06-19T08:11:52 ICT">
          <reporter-output>
          </reporter-output>
        </test-method> <!-- before -->
        <test-method status="PASS" signature="test49()[pri:0, instance:com.vn.VNDirect.RegisterTest@35d176f7]" name="test49" duration-ms="924" started-at="2020-06-19T08:11:52 ICT" description="Tên đăng nhập 5 ký tư và sđt 9 ký tự" finished-at="2020-06-19T08:11:53 ICT">
          <reporter-output>
          </reporter-output>
        </test-method> <!-- test49 -->
        <test-method status="PASS" signature="before()[pri:0, instance:com.vn.VNDirect.RegisterTest@35d176f7]" name="before" is-config="true" duration-ms="202" started-at="2020-06-19T08:11:53 ICT" finished-at="2020-06-19T08:11:53 ICT">
          <reporter-output>
          </reporter-output>
        </test-method> <!-- before -->
        <test-method status="PASS" signature="test50()[pri:0, instance:com.vn.VNDirect.RegisterTest@35d176f7]" name="test50" duration-ms="622" started-at="2020-06-19T08:11:53 ICT" description="Tên đăng nhập 5 ký tư và email sai định dạng" finished-at="2020-06-19T08:11:54 ICT">
          <reporter-output>
          </reporter-output>
        </test-method> <!-- test50 -->
        <test-method status="PASS" signature="before()[pri:0, instance:com.vn.VNDirect.RegisterTest@35d176f7]" name="before" is-config="true" duration-ms="209" started-at="2020-06-19T08:11:54 ICT" finished-at="2020-06-19T08:11:54 ICT">
          <reporter-output>
          </reporter-output>
        </test-method> <!-- before -->
        <test-method status="FAIL" signature="test51()[pri:0, instance:com.vn.VNDirect.RegisterTest@35d176f7]" name="test51" duration-ms="566" started-at="2020-06-19T08:11:54 ICT" description="Email 11 ký tự" finished-at="2020-06-19T08:11:55 ICT">
          <exception class="org.openqa.selenium.NoSuchElementException">
            <message>
              <![CDATA[no such element: Unable to locate element: {"method":"xpath","selector":"/html/body/div[1]/div/div[2]/div/div/form/div[2]/div/div[2]/div/div/div/span"}
  (Session info: chrome=83.0.4103.106)
For documentation on this error, please visit: https://www.seleniumhq.org/exceptions/no_such_element.html
Build info: version: '3.141.59', revision: 'e82be7d358', time: '2018-11-14T08:17:03'
System info: host: 'DESKTOP-U33STF4', ip: '192.168.9.2', os.name: 'Windows 10', os.arch: 'amd64', os.version: '10.0', java.version: '1.8.0_212'
Driver info: org.openqa.selenium.chrome.ChromeDriver
Capabilities {acceptInsecureCerts: false, browserName: chrome, browserVersion: 83.0.4103.106, chrome: {chromedriverVersion: 83.0.4103.39 (ccbf011cb2d2b..., userDataDir: C:\Users\SopenPC\AppData\Lo...}, goog:chromeOptions: {debuggerAddress: localhost:65233}, javascriptEnabled: true, networkConnectionEnabled: false, pageLoadStrategy: normal, platform: WINDOWS, platformName: WINDOWS, proxy: Proxy(), setWindowRect: true, strictFileInteractability: false, timeouts: {implicit: 0, pageLoad: 300000, script: 30000}, unhandledPromptBehavior: dismiss and notify, webauthn:virtualAuthenticators: true}
Session ID: 6bd8c83e513875187de2b2701a0d396b
*** Element info: {Using=xpath, value=/html/body/div[1]/div/div[2]/div/div/form/div[2]/div/div[2]/div/div/div/span}]]>
            </message>
            <full-stacktrace>
              <![CDATA[org.openqa.selenium.NoSuchElementException: no such element: Unable to locate element: {"method":"xpath","selector":"/html/body/div[1]/div/div[2]/div/div/form/div[2]/div/div[2]/div/div/div/span"}
  (Session info: chrome=83.0.4103.106)
For documentation on this error, please visit: https://www.seleniumhq.org/exceptions/no_such_element.html
Build info: version: '3.141.59', revision: 'e82be7d358', time: '2018-11-14T08:17:03'
System info: host: 'DESKTOP-U33STF4', ip: '192.168.9.2', os.name: 'Windows 10', os.arch: 'amd64', os.version: '10.0', java.version: '1.8.0_212'
Driver info: org.openqa.selenium.chrome.ChromeDriver
Capabilities {acceptInsecureCerts: false, browserName: chrome, browserVersion: 83.0.4103.106, chrome: {chromedriverVersion: 83.0.4103.39 (ccbf011cb2d2b..., userDataDir: C:\Users\SopenPC\AppData\Lo...}, goog:chromeOptions: {debuggerAddress: localhost:65233}, javascriptEnabled: true, networkConnectionEnabled: false, pageLoadStrategy: normal, platform: WINDOWS, platformName: WINDOWS, proxy: Proxy(), setWindowRect: true, strictFileInteractability: false, timeouts: {implicit: 0, pageLoad: 300000, script: 30000}, unhandledPromptBehavior: dismiss and notify, webauthn:virtualAuthenticators: true}
Session ID: 6bd8c83e513875187de2b2701a0d396b
*** Element info: {Using=xpath, value=/html/body/div[1]/div/div[2]/div/div/form/div[2]/div/div[2]/div/div/div/span}
at sun.reflect.NativeConstructorAccessorImpl.newInstance0(Native Method)
at sun.reflect.NativeConstructorAccessorImpl.newInstance(Unknown Source)
at sun.reflect.DelegatingConstructorAccessorImpl.newInstance(Unknown Source)
at java.lang.reflect.Constructor.newInstance(Unknown Source)
at org.openqa.selenium.remote.http.W3CHttpResponseCodec.createException(W3CHttpResponseCodec.java:187)
at org.openqa.selenium.remote.http.W3CHttpResponseCodec.decode(W3CHttpResponseCodec.java:122)
at org.openqa.selenium.remote.http.W3CHttpResponseCodec.decode(W3CHttpResponseCodec.java:49)
at org.openqa.selenium.remote.HttpCommandExecutor.execute(HttpCommandExecutor.java:158)
at org.openqa.selenium.remote.service.DriverCommandExecutor.execute(DriverCommandExecutor.java:83)
at org.openqa.selenium.remote.RemoteWebDriver.execute(RemoteWebDriver.java:552)
at org.openqa.selenium.remote.RemoteWebDriver.findElement(RemoteWebDriver.java:323)
at org.openqa.selenium.remote.RemoteWebDriver.findElementByXPath(RemoteWebDriver.java:428)
at org.openqa.selenium.By$ByXPath.findElement(By.java:353)
at org.openqa.selenium.remote.RemoteWebDriver.findElement(RemoteWebDriver.java:315)
at com.vn.VNDirect.RegisterTest.test51(RegisterTest.java:1208)
at sun.reflect.NativeMethodAccessorImpl.invoke0(Native Method)
at sun.reflect.NativeMethodAccessorImpl.invoke(Unknown Source)
at sun.reflect.DelegatingMethodAccessorImpl.invoke(Unknown Source)
at java.lang.reflect.Method.invoke(Unknown Source)
at org.testng.internal.MethodInvocationHelper.invokeMethod(MethodInvocationHelper.java:134)
at org.testng.internal.TestInvoker.invokeMethod(TestInvoker.java:597)
at org.testng.internal.TestInvoker.invokeTestMethod(TestInvoker.java:173)
at org.testng.internal.MethodRunner.runInSequence(MethodRunner.java:46)
at org.testng.internal.TestInvoker$MethodInvocationAgent.invoke(TestInvoker.java:816)
at org.testng.internal.TestInvoker.invokeTestMethods(TestInvoker.java:146)
at org.testng.internal.TestMethodWorker.invokeTestMethods(TestMethodWorker.java:146)
at org.testng.internal.TestMethodWorker.run(TestMethodWorker.java:128)
at java.util.ArrayList.forEach(Unknown Source)
at org.testng.TestRunner.privateRun(TestRunner.java:766)
at org.testng.TestRunner.run(TestRunner.java:587)
at org.testng.SuiteRunner.runTest(SuiteRunner.java:384)
at org.testng.SuiteRunner.runSequentially(SuiteRunner.java:378)
at org.testng.SuiteRunner.privateRun(SuiteRunner.java:337)
at org.testng.SuiteRunner.run(SuiteRunner.java:286)
at org.testng.SuiteRunnerWorker.runSuite(SuiteRunnerWorker.java:53)
at org.testng.SuiteRunnerWorker.run(SuiteRunnerWorker.java:96)
at org.testng.TestNG.runSuitesSequentially(TestNG.java:1187)
at org.testng.TestNG.runSuitesLocally(TestNG.java:1109)
at org.testng.TestNG.runSuites(TestNG.java:1039)
at org.testng.TestNG.run(TestNG.java:1007)
at org.testng.remote.AbstractRemoteTestNG.run(AbstractRemoteTestNG.java:115)
at org.testng.remote.RemoteTestNG.initAndRun(RemoteTestNG.java:251)
at org.testng.remote.RemoteTestNG.main(RemoteTestNG.java:77)
]]>
            </full-stacktrace>
          </exception> <!-- org.openqa.selenium.NoSuchElementException -->
          <reporter-output>
          </reporter-output>
        </test-method> <!-- test51 -->
        <test-method status="PASS" signature="before()[pri:0, instance:com.vn.VNDirect.RegisterTest@35d176f7]" name="before" is-config="true" duration-ms="231" started-at="2020-06-19T08:11:55 ICT" finished-at="2020-06-19T08:11:55 ICT">
          <reporter-output>
          </reporter-output>
        </test-method> <!-- before -->
        <test-method status="FAIL" signature="test52()[pri:0, instance:com.vn.VNDirect.RegisterTest@35d176f7]" name="test52" duration-ms="755" started-at="2020-06-19T08:11:55 ICT" description="Email 51 ký tự" finished-at="2020-06-19T08:11:56 ICT">
          <exception class="org.openqa.selenium.NoSuchElementException">
            <message>
              <![CDATA[no such element: Unable to locate element: {"method":"xpath","selector":"/html/body/div[1]/div/div[2]/div/div/form/div[2]/div/div[2]/div/div/div/span"}
  (Session info: chrome=83.0.4103.106)
For documentation on this error, please visit: https://www.seleniumhq.org/exceptions/no_such_element.html
Build info: version: '3.141.59', revision: 'e82be7d358', time: '2018-11-14T08:17:03'
System info: host: 'DESKTOP-U33STF4', ip: '192.168.9.2', os.name: 'Windows 10', os.arch: 'amd64', os.version: '10.0', java.version: '1.8.0_212'
Driver info: org.openqa.selenium.chrome.ChromeDriver
Capabilities {acceptInsecureCerts: false, browserName: chrome, browserVersion: 83.0.4103.106, chrome: {chromedriverVersion: 83.0.4103.39 (ccbf011cb2d2b..., userDataDir: C:\Users\SopenPC\AppData\Lo...}, goog:chromeOptions: {debuggerAddress: localhost:65233}, javascriptEnabled: true, networkConnectionEnabled: false, pageLoadStrategy: normal, platform: WINDOWS, platformName: WINDOWS, proxy: Proxy(), setWindowRect: true, strictFileInteractability: false, timeouts: {implicit: 0, pageLoad: 300000, script: 30000}, unhandledPromptBehavior: dismiss and notify, webauthn:virtualAuthenticators: true}
Session ID: 6bd8c83e513875187de2b2701a0d396b
*** Element info: {Using=xpath, value=/html/body/div[1]/div/div[2]/div/div/form/div[2]/div/div[2]/div/div/div/span}]]>
            </message>
            <full-stacktrace>
              <![CDATA[org.openqa.selenium.NoSuchElementException: no such element: Unable to locate element: {"method":"xpath","selector":"/html/body/div[1]/div/div[2]/div/div/form/div[2]/div/div[2]/div/div/div/span"}
  (Session info: chrome=83.0.4103.106)
For documentation on this error, please visit: https://www.seleniumhq.org/exceptions/no_such_element.html
Build info: version: '3.141.59', revision: 'e82be7d358', time: '2018-11-14T08:17:03'
System info: host: 'DESKTOP-U33STF4', ip: '192.168.9.2', os.name: 'Windows 10', os.arch: 'amd64', os.version: '10.0', java.version: '1.8.0_212'
Driver info: org.openqa.selenium.chrome.ChromeDriver
Capabilities {acceptInsecureCerts: false, browserName: chrome, browserVersion: 83.0.4103.106, chrome: {chromedriverVersion: 83.0.4103.39 (ccbf011cb2d2b..., userDataDir: C:\Users\SopenPC\AppData\Lo...}, goog:chromeOptions: {debuggerAddress: localhost:65233}, javascriptEnabled: true, networkConnectionEnabled: false, pageLoadStrategy: normal, platform: WINDOWS, platformName: WINDOWS, proxy: Proxy(), setWindowRect: true, strictFileInteractability: false, timeouts: {implicit: 0, pageLoad: 300000, script: 30000}, unhandledPromptBehavior: dismiss and notify, webauthn:virtualAuthenticators: true}
Session ID: 6bd8c83e513875187de2b2701a0d396b
*** Element info: {Using=xpath, value=/html/body/div[1]/div/div[2]/div/div/form/div[2]/div/div[2]/div/div/div/span}
at sun.reflect.NativeConstructorAccessorImpl.newInstance0(Native Method)
at sun.reflect.NativeConstructorAccessorImpl.newInstance(Unknown Source)
at sun.reflect.DelegatingConstructorAccessorImpl.newInstance(Unknown Source)
at java.lang.reflect.Constructor.newInstance(Unknown Source)
at org.openqa.selenium.remote.http.W3CHttpResponseCodec.createException(W3CHttpResponseCodec.java:187)
at org.openqa.selenium.remote.http.W3CHttpResponseCodec.decode(W3CHttpResponseCodec.java:122)
at org.openqa.selenium.remote.http.W3CHttpResponseCodec.decode(W3CHttpResponseCodec.java:49)
at org.openqa.selenium.remote.HttpCommandExecutor.execute(HttpCommandExecutor.java:158)
at org.openqa.selenium.remote.service.DriverCommandExecutor.execute(DriverCommandExecutor.java:83)
at org.openqa.selenium.remote.RemoteWebDriver.execute(RemoteWebDriver.java:552)
at org.openqa.selenium.remote.RemoteWebDriver.findElement(RemoteWebDriver.java:323)
at org.openqa.selenium.remote.RemoteWebDriver.findElementByXPath(RemoteWebDriver.java:428)
at org.openqa.selenium.By$ByXPath.findElement(By.java:353)
at org.openqa.selenium.remote.RemoteWebDriver.findElement(RemoteWebDriver.java:315)
at com.vn.VNDirect.RegisterTest.test52(RegisterTest.java:1230)
at sun.reflect.NativeMethodAccessorImpl.invoke0(Native Method)
at sun.reflect.NativeMethodAccessorImpl.invoke(Unknown Source)
at sun.reflect.DelegatingMethodAccessorImpl.invoke(Unknown Source)
at java.lang.reflect.Method.invoke(Unknown Source)
at org.testng.internal.MethodInvocationHelper.invokeMethod(MethodInvocationHelper.java:134)
at org.testng.internal.TestInvoker.invokeMethod(TestInvoker.java:597)
at org.testng.internal.TestInvoker.invokeTestMethod(TestInvoker.java:173)
at org.testng.internal.MethodRunner.runInSequence(MethodRunner.java:46)
at org.testng.internal.TestInvoker$MethodInvocationAgent.invoke(TestInvoker.java:816)
at org.testng.internal.TestInvoker.invokeTestMethods(TestInvoker.java:146)
at org.testng.internal.TestMethodWorker.invokeTestMethods(TestMethodWorker.java:146)
at org.testng.internal.TestMethodWorker.run(TestMethodWorker.java:128)
at java.util.ArrayList.forEach(Unknown Source)
at org.testng.TestRunner.privateRun(TestRunner.java:766)
at org.testng.TestRunner.run(TestRunner.java:587)
at org.testng.SuiteRunner.runTest(SuiteRunner.java:384)
at org.testng.SuiteRunner.runSequentially(SuiteRunner.java:378)
at org.testng.SuiteRunner.privateRun(SuiteRunner.java:337)
at org.testng.SuiteRunner.run(SuiteRunner.java:286)
at org.testng.SuiteRunnerWorker.runSuite(SuiteRunnerWorker.java:53)
at org.testng.SuiteRunnerWorker.run(SuiteRunnerWorker.java:96)
at org.testng.TestNG.runSuitesSequentially(TestNG.java:1187)
at org.testng.TestNG.runSuitesLocally(TestNG.java:1109)
at org.testng.TestNG.runSuites(TestNG.java:1039)
at org.testng.TestNG.run(TestNG.java:1007)
at org.testng.remote.AbstractRemoteTestNG.run(AbstractRemoteTestNG.java:115)
at org.testng.remote.RemoteTestNG.initAndRun(RemoteTestNG.java:251)
at org.testng.remote.RemoteTestNG.main(RemoteTestNG.java:77)
]]>
            </full-stacktrace>
          </exception> <!-- org.openqa.selenium.NoSuchElementException -->
          <reporter-output>
          </reporter-output>
        </test-method> <!-- test52 -->
        <test-method status="PASS" signature="before()[pri:0, instance:com.vn.VNDirect.RegisterTest@35d176f7]" name="before" is-config="true" duration-ms="225" started-at="2020-06-19T08:11:56 ICT" finished-at="2020-06-19T08:11:56 ICT">
          <reporter-output>
          </reporter-output>
        </test-method> <!-- before -->
        <test-method status="PASS" signature="test53()[pri:0, instance:com.vn.VNDirect.RegisterTest@35d176f7]" name="test53" duration-ms="784" started-at="2020-06-19T08:11:56 ICT" description="SĐT đã tồn tại" finished-at="2020-06-19T08:11:57 ICT">
          <reporter-output>
          </reporter-output>
        </test-method> <!-- test53 -->
        <test-method status="PASS" signature="before()[pri:0, instance:com.vn.VNDirect.RegisterTest@35d176f7]" name="before" is-config="true" duration-ms="249" started-at="2020-06-19T08:11:57 ICT" finished-at="2020-06-19T08:11:57 ICT">
          <reporter-output>
          </reporter-output>
        </test-method> <!-- before -->
        <test-method status="PASS" signature="test54()[pri:0, instance:com.vn.VNDirect.RegisterTest@35d176f7]" name="test54" duration-ms="592" started-at="2020-06-19T08:11:57 ICT" description="SĐT đã tồn tại và bỏ trống họ tên" finished-at="2020-06-19T08:11:57 ICT">
          <reporter-output>
          </reporter-output>
        </test-method> <!-- test54 -->
        <test-method status="PASS" signature="before()[pri:0, instance:com.vn.VNDirect.RegisterTest@35d176f7]" name="before" is-config="true" duration-ms="227" started-at="2020-06-19T08:11:57 ICT" finished-at="2020-06-19T08:11:58 ICT">
          <reporter-output>
          </reporter-output>
        </test-method> <!-- before -->
        <test-method status="PASS" signature="test55()[pri:0, instance:com.vn.VNDirect.RegisterTest@35d176f7]" name="test55" duration-ms="465" started-at="2020-06-19T08:11:58 ICT" description="SĐT đã tồn tại và bỏ trống họ tên, email" finished-at="2020-06-19T08:11:58 ICT">
          <reporter-output>
          </reporter-output>
        </test-method> <!-- test55 -->
        <test-method status="PASS" signature="before()[pri:0, instance:com.vn.VNDirect.RegisterTest@35d176f7]" name="before" is-config="true" duration-ms="193" started-at="2020-06-19T08:11:58 ICT" finished-at="2020-06-19T08:11:58 ICT">
          <reporter-output>
          </reporter-output>
        </test-method> <!-- before -->
        <test-method status="PASS" signature="test56()[pri:0, instance:com.vn.VNDirect.RegisterTest@35d176f7]" name="test56" duration-ms="369" started-at="2020-06-19T08:11:58 ICT" description="SĐT đã tồn tại và bỏ trống họ tên, email, tên đăng nhập" finished-at="2020-06-19T08:11:59 ICT">
          <reporter-output>
          </reporter-output>
        </test-method> <!-- test56 -->
        <test-method status="PASS" signature="before()[pri:0, instance:com.vn.VNDirect.RegisterTest@35d176f7]" name="before" is-config="true" duration-ms="196" started-at="2020-06-19T08:11:59 ICT" finished-at="2020-06-19T08:11:59 ICT">
          <reporter-output>
          </reporter-output>
        </test-method> <!-- before -->
        <test-method status="PASS" signature="test57()[pri:0, instance:com.vn.VNDirect.RegisterTest@35d176f7]" name="test57" duration-ms="555" started-at="2020-06-19T08:11:59 ICT" description="Email đã tồn tại và bỏ trống họ tên" finished-at="2020-06-19T08:11:59 ICT">
          <reporter-output>
          </reporter-output>
        </test-method> <!-- test57 -->
        <test-method status="PASS" signature="before()[pri:0, instance:com.vn.VNDirect.RegisterTest@35d176f7]" name="before" is-config="true" duration-ms="209" started-at="2020-06-19T08:11:59 ICT" finished-at="2020-06-19T08:12:00 ICT">
          <reporter-output>
          </reporter-output>
        </test-method> <!-- before -->
        <test-method status="PASS" signature="test58()[pri:0, instance:com.vn.VNDirect.RegisterTest@35d176f7]" name="test58" duration-ms="462" started-at="2020-06-19T08:12:00 ICT" description="Email đã tồn tại và bỏ trống họ tên,SĐT" finished-at="2020-06-19T08:12:00 ICT">
          <reporter-output>
          </reporter-output>
        </test-method> <!-- test58 -->
        <test-method status="PASS" signature="before()[pri:0, instance:com.vn.VNDirect.RegisterTest@35d176f7]" name="before" is-config="true" duration-ms="212" started-at="2020-06-19T08:12:00 ICT" finished-at="2020-06-19T08:12:00 ICT">
          <reporter-output>
          </reporter-output>
        </test-method> <!-- before -->
        <test-method status="PASS" signature="test59()[pri:0, instance:com.vn.VNDirect.RegisterTest@35d176f7]" name="test59" duration-ms="420" started-at="2020-06-19T08:12:00 ICT" description="Email đã tồn tại và bỏ trống họ tên,SĐT,tên đăng nhập" finished-at="2020-06-19T08:12:01 ICT">
          <reporter-output>
          </reporter-output>
        </test-method> <!-- test59 -->
        <test-method status="PASS" signature="before()[pri:0, instance:com.vn.VNDirect.RegisterTest@35d176f7]" name="before" is-config="true" duration-ms="182" started-at="2020-06-19T08:12:01 ICT" finished-at="2020-06-19T08:12:01 ICT">
          <reporter-output>
          </reporter-output>
        </test-method> <!-- before -->
        <test-method status="PASS" signature="test60()[pri:0, instance:com.vn.VNDirect.RegisterTest@35d176f7]" name="test60" duration-ms="700" started-at="2020-06-19T08:12:01 ICT" description="SĐT và Email đã tồn tại" finished-at="2020-06-19T08:12:02 ICT">
          <reporter-output>
          </reporter-output>
        </test-method> <!-- test60 -->
        <test-method status="PASS" signature="before()[pri:0, instance:com.vn.VNDirect.RegisterTest@35d176f7]" name="before" is-config="true" duration-ms="228" started-at="2020-06-19T08:12:02 ICT" finished-at="2020-06-19T08:12:02 ICT">
          <reporter-output>
          </reporter-output>
        </test-method> <!-- before -->
        <test-method status="PASS" signature="test61()[pri:0, instance:com.vn.VNDirect.RegisterTest@35d176f7]" name="test61" duration-ms="575" started-at="2020-06-19T08:12:02 ICT" description="SĐT và Email đã tồn tại, bỏ trống họ tên" finished-at="2020-06-19T08:12:02 ICT">
          <reporter-output>
          </reporter-output>
        </test-method> <!-- test61 -->
        <test-method status="PASS" signature="before()[pri:0, instance:com.vn.VNDirect.RegisterTest@35d176f7]" name="before" is-config="true" duration-ms="203" started-at="2020-06-19T08:12:02 ICT" finished-at="2020-06-19T08:12:03 ICT">
          <reporter-output>
          </reporter-output>
        </test-method> <!-- before -->
        <test-method status="PASS" signature="test62()[pri:0, instance:com.vn.VNDirect.RegisterTest@35d176f7]" name="test62" duration-ms="613" started-at="2020-06-19T08:12:03 ICT" description="SĐT và Email đã tồn tại, bỏ trống tên đăng nhập" finished-at="2020-06-19T08:12:03 ICT">
          <reporter-output>
          </reporter-output>
        </test-method> <!-- test62 -->
        <test-method status="PASS" signature="before()[pri:0, instance:com.vn.VNDirect.RegisterTest@35d176f7]" name="before" is-config="true" duration-ms="200" started-at="2020-06-19T08:12:03 ICT" finished-at="2020-06-19T08:12:03 ICT">
          <reporter-output>
          </reporter-output>
        </test-method> <!-- before -->
        <test-method status="PASS" signature="test63()[pri:0, instance:com.vn.VNDirect.RegisterTest@35d176f7]" name="test63" duration-ms="503" started-at="2020-06-19T08:12:03 ICT" description="SĐT và Email đã tồn tại, bỏ trống tên đăng nhập và họ tên" finished-at="2020-06-19T08:12:04 ICT">
          <reporter-output>
          </reporter-output>
        </test-method> <!-- test63 -->
        <test-method status="PASS" signature="before()[pri:0, instance:com.vn.VNDirect.RegisterTest@35d176f7]" name="before" is-config="true" duration-ms="190" started-at="2020-06-19T08:12:04 ICT" finished-at="2020-06-19T08:12:04 ICT">
          <reporter-output>
          </reporter-output>
        </test-method> <!-- before -->
        <test-method status="PASS" signature="test64()[pri:0, instance:com.vn.VNDirect.RegisterTest@35d176f7]" name="test64" duration-ms="355" started-at="2020-06-19T08:12:04 ICT" description="SĐT và Email đã tồn tại, bỏ trống tên đăng nhập và họ tên và mật khẩu và xác nhận mật khẩu" finished-at="2020-06-19T08:12:04 ICT">
          <reporter-output>
          </reporter-output>
        </test-method> <!-- test64 -->
        <test-method status="PASS" signature="before()[pri:0, instance:com.vn.VNDirect.RegisterTest@35d176f7]" name="before" is-config="true" duration-ms="172" started-at="2020-06-19T08:12:04 ICT" finished-at="2020-06-19T08:12:05 ICT">
          <reporter-output>
          </reporter-output>
        </test-method> <!-- before -->
        <test-method status="PASS" signature="test65()[pri:0, instance:com.vn.VNDirect.RegisterTest@35d176f7]" name="test65" duration-ms="561" started-at="2020-06-19T08:12:05 ICT" description="SĐT và Email đã tồn tại, họ tên trống, xác nhận mật khẩu không khớp" finished-at="2020-06-19T08:12:05 ICT">
          <reporter-output>
          </reporter-output>
        </test-method> <!-- test65 -->
        <test-method status="PASS" signature="before()[pri:0, instance:com.vn.VNDirect.RegisterTest@35d176f7]" name="before" is-config="true" duration-ms="207" started-at="2020-06-19T08:12:05 ICT" finished-at="2020-06-19T08:12:05 ICT">
          <reporter-output>
          </reporter-output>
        </test-method> <!-- before -->
        <test-method status="PASS" signature="test66()[pri:0, instance:com.vn.VNDirect.RegisterTest@35d176f7]" name="test66" duration-ms="452" started-at="2020-06-19T08:12:05 ICT" description="SĐT và Email đã tồn tại, tên đăng nhập trống, xác nhận mật khẩu trống, mật khẩu trống" finished-at="2020-06-19T08:12:06 ICT">
          <reporter-output>
          </reporter-output>
        </test-method> <!-- test66 -->
        <test-method status="PASS" signature="before()[pri:0, instance:com.vn.VNDirect.RegisterTest@35d176f7]" name="before" is-config="true" duration-ms="167" started-at="2020-06-19T08:12:06 ICT" finished-at="2020-06-19T08:12:06 ICT">
          <reporter-output>
          </reporter-output>
        </test-method> <!-- before -->
        <test-method status="PASS" signature="test67()[pri:0, instance:com.vn.VNDirect.RegisterTest@35d176f7]" name="test67" duration-ms="591" started-at="2020-06-19T08:12:06 ICT" description="SĐT và Email đã tồn tại, họ tên trống, xác nhận mật khẩu không khớp" finished-at="2020-06-19T08:12:07 ICT">
          <reporter-output>
          </reporter-output>
        </test-method> <!-- test67 -->
        <test-method status="PASS" signature="before()[pri:0, instance:com.vn.VNDirect.RegisterTest@35d176f7]" name="before" is-config="true" duration-ms="204" started-at="2020-06-19T08:12:07 ICT" finished-at="2020-06-19T08:12:07 ICT">
          <reporter-output>
          </reporter-output>
        </test-method> <!-- before -->
        <test-method status="PASS" signature="test68()[pri:0, instance:com.vn.VNDirect.RegisterTest@35d176f7]" name="test68" duration-ms="503" started-at="2020-06-19T08:12:07 ICT" description="SĐT và Email đã tồn tại, xác nhận mật khẩu trống, mật khẩu trống" finished-at="2020-06-19T08:12:07 ICT">
          <reporter-output>
          </reporter-output>
        </test-method> <!-- test68 -->
        <test-method status="PASS" signature="before()[pri:0, instance:com.vn.VNDirect.RegisterTest@35d176f7]" name="before" is-config="true" duration-ms="182" started-at="2020-06-19T08:12:07 ICT" finished-at="2020-06-19T08:12:08 ICT">
          <reporter-output>
          </reporter-output>
        </test-method> <!-- before -->
        <test-method status="PASS" signature="test69()[pri:0, instance:com.vn.VNDirect.RegisterTest@35d176f7]" name="test69" duration-ms="702" started-at="2020-06-19T08:12:08 ICT" description="SĐT và Email đã tồn tại, xác nhận mật khẩu không khớp" finished-at="2020-06-19T08:12:08 ICT">
          <reporter-output>
          </reporter-output>
        </test-method> <!-- test69 -->
        <test-method status="PASS" signature="before()[pri:0, instance:com.vn.VNDirect.RegisterTest@35d176f7]" name="before" is-config="true" duration-ms="227" started-at="2020-06-19T08:12:08 ICT" finished-at="2020-06-19T08:12:08 ICT">
          <reporter-output>
          </reporter-output>
        </test-method> <!-- before -->
        <test-method status="PASS" signature="test70()[pri:0, instance:com.vn.VNDirect.RegisterTest@35d176f7]" name="test70" duration-ms="674" started-at="2020-06-19T08:12:08 ICT" description="SĐT và Email đã tồn tại, mật khẩu 7 ký tự" finished-at="2020-06-19T08:12:09 ICT">
          <reporter-output>
          </reporter-output>
        </test-method> <!-- test70 -->
        <test-method status="PASS" signature="close()[pri:0, instance:com.vn.VNDirect.RegisterTest@35d176f7]" name="close" is-config="true" duration-ms="426" started-at="2020-06-19T08:12:09 ICT" finished-at="2020-06-19T08:12:10 ICT">
          <reporter-output>
          </reporter-output>
        </test-method> <!-- close -->
      </class> <!-- com.vn.VNDirect.RegisterTest -->
    </test> <!-- Default test -->
  </suite> <!-- Default suite -->
</testng-results>
